#
# There is insufficient memory for the Java Runtime Environment to continue.
# Native memory allocation (malloc) failed to allocate 32784 bytes for Chunk::new
# Possible reasons:
#   The system is out of physical RAM or swap space
#   The process is running with CompressedOops enabled, and the Java Heap may be blocking the growth of the native heap
# Possible solutions:
#   Reduce memory load on the system
#   Increase physical memory or swap space
#   Check if swap backing store is full
#   Decrease Java heap size (-Xmx/-Xms)
#   Decrease number of Java threads
#   Decrease Java thread stack sizes (-Xss)
#   Set larger code cache with -XX:ReservedCodeCacheSize=
#   JVM is running with Unscaled Compressed Oops mode in which the Java heap is
#     placed in the first 4GB address space. The Java Heap base address is the
#     maximum limit for the native heap growth. Please use -XX:HeapBaseMinAddress
#     to set the Java Heap base and to place the Java Heap above 4GB virtual address.
# This output file may be truncated or incomplete.
#
#  Out of Memory Error (allocation.cpp:389), pid=8816, tid=0x0000000000001ba8
#
# JRE version: Java(TM) SE Runtime Environment (8.0_241-b07) (build 1.8.0_241-b07)
# Java VM: Java HotSpot(TM) 64-Bit Server VM (25.241-b07 mixed mode windows-amd64 compressed oops)
# Failed to write core dump. Minidumps are not enabled by default on client versions of Windows
#

---------------  T H R E A D  ---------------

Current thread (0x000000001742b800):  JavaThread "C2 CompilerThread1" daemon [_thread_in_native, id=7080, stack(0x0000000018b60000,0x0000000018c60000)]

Stack: [0x0000000018b60000,0x0000000018c60000]
[error occurred during error reporting (printing stack bounds), id 0xc0000005]

Native frames: (J=compiled Java code, j=interpreted, Vv=VM code, C=native code)


Current CompileTask:
C2:2710329 3774       4       org.springframework.boot.devtools.filewatch.FileSystemWatcher$Watcher::isDifferent (105 bytes)


---------------  P R O C E S S  ---------------

Java Threads: ( => current thread )
  0x000000001de6a800 JavaThread "http-nio-9090-Acceptor" daemon [_thread_in_native, id=3460, stack(0x0000000020f80000,0x0000000021080000)]
  0x000000001de6a000 JavaThread "http-nio-9090-ClientPoller" daemon [_thread_in_native, id=3620, stack(0x0000000020e80000,0x0000000020f80000)]
  0x000000001de69000 JavaThread "http-nio-9090-exec-10" daemon [_thread_blocked, id=1808, stack(0x0000000020d80000,0x0000000020e80000)]
  0x000000001de61800 JavaThread "http-nio-9090-exec-9" daemon [_thread_blocked, id=8080, stack(0x0000000020c80000,0x0000000020d80000)]
  0x000000001de68800 JavaThread "http-nio-9090-exec-8" daemon [_thread_blocked, id=9888, stack(0x0000000020b80000,0x0000000020c80000)]
  0x000000001de67800 JavaThread "http-nio-9090-exec-7" daemon [_thread_blocked, id=2672, stack(0x0000000020980000,0x0000000020a80000)]
  0x000000001de62800 JavaThread "http-nio-9090-exec-6" daemon [_thread_blocked, id=340, stack(0x0000000020880000,0x0000000020980000)]
  0x000000001de60000 JavaThread "http-nio-9090-exec-5" daemon [_thread_blocked, id=8016, stack(0x0000000020780000,0x0000000020880000)]
  0x000000001de66000 JavaThread "http-nio-9090-exec-4" daemon [_thread_blocked, id=7848, stack(0x0000000020680000,0x0000000020780000)]
  0x000000001de63000 JavaThread "http-nio-9090-exec-3" daemon [_thread_blocked, id=9788, stack(0x0000000020580000,0x0000000020680000)]
  0x000000001de65800 JavaThread "http-nio-9090-exec-2" daemon [_thread_blocked, id=1088, stack(0x0000000020350000,0x0000000020450000)]
  0x000000001de64800 JavaThread "http-nio-9090-exec-1" daemon [_thread_blocked, id=9724, stack(0x0000000020250000,0x0000000020350000)]
  0x000000001de67000 JavaThread "http-nio-9090-BlockPoller" daemon [_thread_in_native, id=3560, stack(0x0000000020150000,0x0000000020250000)]
  0x000000001de5d000 JavaThread "File Watcher" daemon [_thread_blocked, id=9932, stack(0x000000001fed0000,0x000000001ffd0000)]
  0x000000001de5e800 JavaThread "container-0" [_thread_blocked, id=7796, stack(0x000000001fc80000,0x000000001fd80000)]
  0x000000001de64000 JavaThread "Catalina-utility-2" [_thread_blocked, id=7580, stack(0x000000001d430000,0x000000001d530000)]
  0x000000001de5f800 JavaThread "Catalina-utility-1" [_thread_blocked, id=4564, stack(0x000000001d080000,0x000000001d180000)]
  0x000000001de5e000 JavaThread "DestroyJavaVM" [_thread_blocked, id=9328, stack(0x0000000002670000,0x0000000002770000)]
  0x000000001df48000 JavaThread "Live Reload Server" daemon [_thread_in_native, id=1664, stack(0x000000001fb80000,0x000000001fc80000)]
  0x0000000018d8b000 JavaThread "Service Thread" daemon [_thread_blocked, id=9656, stack(0x0000000019160000,0x0000000019260000)]
  0x0000000017431000 JavaThread "C1 CompilerThread2" daemon [_thread_blocked, id=9348, stack(0x0000000018c60000,0x0000000018d60000)]
=>0x000000001742b800 JavaThread "C2 CompilerThread1" daemon [_thread_in_native, id=7080, stack(0x0000000018b60000,0x0000000018c60000)]
  0x000000001741c800 JavaThread "C2 CompilerThread0" daemon [_thread_blocked, id=7556, stack(0x0000000018a60000,0x0000000018b60000)]
  0x000000001741b800 JavaThread "Attach Listener" daemon [_thread_blocked, id=2992, stack(0x0000000018960000,0x0000000018a60000)]
  0x000000001741a800 JavaThread "Signal Dispatcher" daemon [_thread_blocked, id=4008, stack(0x0000000018860000,0x0000000018960000)]
  0x0000000017400000 JavaThread "Finalizer" daemon [_thread_blocked, id=3140, stack(0x0000000018660000,0x0000000018760000)]
  0x00000000028d5800 JavaThread "Reference Handler" daemon [_thread_blocked, id=7456, stack(0x0000000018560000,0x0000000018660000)]

Other Threads:
  0x00000000173d7800 VMThread [stack: 0x0000000018460000,0x0000000018560000] [id=6856]
  0x0000000018daf000 WatcherThread [stack: 0x0000000019260000,0x0000000019360000] [id=7444]

VM state:not at safepoint (normal execution)

VM Mutex/Monitor currently owned by a thread: None

heap address: 0x0000000081c00000, size: 2020 MB, Compressed Oops mode: 32-bit
Narrow klass base: 0x0000000000000000, Narrow klass shift: 3
Compressed class space size: 1073741824 Address: 0x0000000100000000

Heap:
 PSYoungGen      total 81408K, used 18792K [0x00000000d5f00000, 0x00000000dd300000, 0x0000000100000000)
  eden space 70144K, 22% used [0x00000000d5f00000,0x00000000d6ebae00,0x00000000da380000)
  from space 11264K, 23% used [0x00000000da380000,0x00000000da61f490,0x00000000dae80000)
  to   space 11776K, 0% used [0x00000000dc780000,0x00000000dc780000,0x00000000dd300000)
 ParOldGen       total 63488K, used 11533K [0x0000000081c00000, 0x0000000085a00000, 0x00000000d5f00000)
  object space 63488K, 18% used [0x0000000081c00000,0x0000000082743590,0x0000000085a00000)
 Metaspace       used 33051K, capacity 35075K, committed 35376K, reserved 1079296K
  class space    used 4265K, capacity 4602K, committed 4656K, reserved 1048576K

Card table byte_map: [0x0000000011ca0000,0x00000000120a0000] byte_map_base: 0x0000000011892000

Marking Bits: (ParMarkBitMap*) 0x00000000715bbe30
 Begin Bits: [0x0000000012750000, 0x00000000146e0000)
 End Bits:   [0x00000000146e0000, 0x0000000016670000)

Polling page: 0x0000000000900000

CodeCache: size=245760Kb used=11317Kb max_used=11332Kb free=234442Kb
 bounds [0x00000000028e0000, 0x0000000003400000, 0x00000000118e0000]
 total_blobs=3765 nmethods=3344 adapters=332
 compilation: enabled

Compilation events (10 events):
Event: 2686.148 Thread 0x000000001741c800 nmethod 3769 0x00000000032be110 code [0x00000000032be3c0, 0x00000000032c1088]
Event: 2687.060 Thread 0x000000001742b800 3770       4       sun.nio.ch.SelectorImpl::select (34 bytes)
Event: 2687.060 Thread 0x000000001742b800 nmethod 3770 0x00000000032bc910 code [0x00000000032bca60, 0x00000000032bcb28]
Event: 2690.092 Thread 0x000000001741c800 3771   !   4       org.apache.tomcat.util.net.NioEndpoint$Poller::events (119 bytes)
Event: 2690.094 Thread 0x000000001741c800 nmethod 3771 0x00000000032bc410 code [0x00000000032bc560, 0x00000000032bc7d8]
Event: 2705.263 Thread 0x000000001742b800 3772       4       java.util.HashMap$KeySet::contains (9 bytes)
Event: 2705.268 Thread 0x000000001742b800 nmethod 3772 0x00000000032c76d0 code [0x00000000032c7840, 0x00000000032c7b38]
Event: 2709.284 Thread 0x000000001741c800 3773       4       org.springframework.boot.devtools.filewatch.FolderSnapshot::equals (46 bytes)
Event: 2709.308 Thread 0x000000001741c800 nmethod 3773 0x00000000033fc910 code [0x00000000033fcb00, 0x00000000033fd6d8]
Event: 2710.292 Thread 0x000000001742b800 3774       4       org.springframework.boot.devtools.filewatch.FileSystemWatcher$Watcher::isDifferent (105 bytes)

GC Heap History (10 events):
Event: 2.268 GC heap before
{Heap before GC invocations=5 (full 1):
 PSYoungGen      total 38400K, used 33280K [0x00000000d5f00000, 0x00000000daa00000, 0x0000000100000000)
  eden space 33280K, 100% used [0x00000000d5f00000,0x00000000d7f80000,0x00000000d7f80000)
  from space 5120K, 0% used [0x00000000d7f80000,0x00000000d7f80000,0x00000000d8480000)
  to   space 5120K, 0% used [0x00000000da500000,0x00000000da500000,0x00000000daa00000)
 ParOldGen       total 63488K, used 8817K [0x0000000081c00000, 0x0000000085a00000, 0x00000000d5f00000)
  object space 63488K, 13% used [0x0000000081c00000,0x000000008249c4f8,0x0000000085a00000)
 Metaspace       used 22702K, capacity 23581K, committed 23728K, reserved 1069056K
  class space    used 2948K, capacity 3159K, committed 3248K, reserved 1048576K
Event: 2.274 GC heap after
Heap after GC invocations=5 (full 1):
 PSYoungGen      total 53248K, used 3997K [0x00000000d5f00000, 0x00000000da900000, 0x0000000100000000)
  eden space 49152K, 0% used [0x00000000d5f00000,0x00000000d5f00000,0x00000000d8f00000)
  from space 4096K, 97% used [0x00000000da500000,0x00000000da8e75f0,0x00000000da900000)
  to   space 5120K, 0% used [0x00000000d9f00000,0x00000000d9f00000,0x00000000da400000)
 ParOldGen       total 63488K, used 8825K [0x0000000081c00000, 0x0000000085a00000, 0x00000000d5f00000)
  object space 63488K, 13% used [0x0000000081c00000,0x000000008249e4f8,0x0000000085a00000)
 Metaspace       used 22702K, capacity 23581K, committed 23728K, reserved 1069056K
  class space    used 2948K, capacity 3159K, committed 3248K, reserved 1048576K
}
Event: 3.816 GC heap before
{Heap before GC invocations=6 (full 1):
 PSYoungGen      total 53248K, used 53149K [0x00000000d5f00000, 0x00000000da900000, 0x0000000100000000)
  eden space 49152K, 100% used [0x00000000d5f00000,0x00000000d8f00000,0x00000000d8f00000)
  from space 4096K, 97% used [0x00000000da500000,0x00000000da8e75f0,0x00000000da900000)
  to   space 5120K, 0% used [0x00000000d9f00000,0x00000000d9f00000,0x00000000da400000)
 ParOldGen       total 63488K, used 8825K [0x0000000081c00000, 0x0000000085a00000, 0x00000000d5f00000)
  object space 63488K, 13% used [0x0000000081c00000,0x000000008249e4f8,0x0000000085a00000)
 Metaspace       used 28959K, capacity 30445K, committed 30768K, reserved 1075200K
  class space    used 3771K, capacity 4040K, committed 4144K, reserved 1048576K
Event: 3.826 GC heap after
Heap after GC invocations=6 (full 1):
 PSYoungGen      total 70656K, used 5119K [0x00000000d5f00000, 0x00000000db980000, 0x0000000100000000)
  eden space 65536K, 0% used [0x00000000d5f00000,0x00000000d5f00000,0x00000000d9f00000)
  from space 5120K, 99% used [0x00000000d9f00000,0x00000000da3ffcb8,0x00000000da400000)
  to   space 11264K, 0% used [0x00000000dae80000,0x00000000dae80000,0x00000000db980000)
 ParOldGen       total 63488K, used 12511K [0x0000000081c00000, 0x0000000085a00000, 0x00000000d5f00000)
  object space 63488K, 19% used [0x0000000081c00000,0x0000000082837e40,0x0000000085a00000)
 Metaspace       used 28959K, capacity 30445K, committed 30768K, reserved 1075200K
  class space    used 3771K, capacity 4040K, committed 4144K, reserved 1048576K
}
Event: 26.168 GC heap before
{Heap before GC invocations=7 (full 1):
 PSYoungGen      total 70656K, used 38756K [0x00000000d5f00000, 0x00000000db980000, 0x0000000100000000)
  eden space 65536K, 51% used [0x00000000d5f00000,0x00000000d7fd95c0,0x00000000d9f00000)
  from space 5120K, 99% used [0x00000000d9f00000,0x00000000da3ffcb8,0x00000000da400000)
  to   space 11264K, 0% used [0x00000000dae80000,0x00000000dae80000,0x00000000db980000)
 ParOldGen       total 63488K, used 12511K [0x0000000081c00000, 0x0000000085a00000, 0x00000000d5f00000)
  object space 63488K, 19% used [0x0000000081c00000,0x0000000082837e40,0x0000000085a00000)
 Metaspace       used 32553K, capacity 34425K, committed 34608K, reserved 1079296K
  class space    used 4253K, capacity 4583K, committed 4656K, reserved 1048576K
Event: 26.189 GC heap after
Heap after GC invocations=7 (full 1):
 PSYoungGen      total 81408K, used 8300K [0x00000000d5f00000, 0x00000000db980000, 0x0000000100000000)
  eden space 70144K, 0% used [0x00000000d5f00000,0x00000000d5f00000,0x00000000da380000)
  from space 11264K, 73% used [0x00000000dae80000,0x00000000db69b118,0x00000000db980000)
  to   space 11264K, 0% used [0x00000000da380000,0x00000000da380000,0x00000000dae80000)
 ParOldGen       total 63488K, used 12519K [0x0000000081c00000, 0x0000000085a00000, 0x00000000d5f00000)
  object space 63488K, 19% used [0x0000000081c00000,0x0000000082839e40,0x0000000085a00000)
 Metaspace       used 32553K, capacity 34425K, committed 34608K, reserved 1079296K
  class space    used 4253K, capacity 4583K, committed 4656K, reserved 1048576K
}
Event: 26.189 GC heap before
{Heap before GC invocations=8 (full 2):
 PSYoungGen      total 81408K, used 8300K [0x00000000d5f00000, 0x00000000db980000, 0x0000000100000000)
  eden space 70144K, 0% used [0x00000000d5f00000,0x00000000d5f00000,0x00000000da380000)
  from space 11264K, 73% used [0x00000000dae80000,0x00000000db69b118,0x00000000db980000)
  to   space 11264K, 0% used [0x00000000da380000,0x00000000da380000,0x00000000dae80000)
 ParOldGen       total 63488K, used 12519K [0x0000000081c00000, 0x0000000085a00000, 0x00000000d5f00000)
  object space 63488K, 19% used [0x0000000081c00000,0x0000000082839e40,0x0000000085a00000)
 Metaspace       used 32553K, capacity 34425K, committed 34608K, reserved 1079296K
  class space    used 4253K, capacity 4583K, committed 4656K, reserved 1048576K
Event: 26.255 GC heap after
Heap after GC invocations=8 (full 2):
 PSYoungGen      total 81408K, used 0K [0x00000000d5f00000, 0x00000000db980000, 0x0000000100000000)
  eden space 70144K, 0% used [0x00000000d5f00000,0x00000000d5f00000,0x00000000da380000)
  from space 11264K, 0% used [0x00000000dae80000,0x00000000dae80000,0x00000000db980000)
  to   space 11264K, 0% used [0x00000000da380000,0x00000000da380000,0x00000000dae80000)
 ParOldGen       total 63488K, used 11525K [0x0000000081c00000, 0x0000000085a00000, 0x00000000d5f00000)
  object space 63488K, 18% used [0x0000000081c00000,0x0000000082741590,0x0000000085a00000)
 Metaspace       used 32553K, capacity 34425K, committed 34608K, reserved 1079296K
  class space    used 4253K, capacity 4583K, committed 4656K, reserved 1048576K
}
Event: 1858.254 GC heap before
{Heap before GC invocations=9 (full 2):
 PSYoungGen      total 81408K, used 70144K [0x00000000d5f00000, 0x00000000db980000, 0x0000000100000000)
  eden space 70144K, 100% used [0x00000000d5f00000,0x00000000da380000,0x00000000da380000)
  from space 11264K, 0% used [0x00000000dae80000,0x00000000dae80000,0x00000000db980000)
  to   space 11264K, 0% used [0x00000000da380000,0x00000000da380000,0x00000000dae80000)
 ParOldGen       total 63488K, used 11525K [0x0000000081c00000, 0x0000000085a00000, 0x00000000d5f00000)
  object space 63488K, 18% used [0x0000000081c00000,0x0000000082741590,0x0000000085a00000)
 Metaspace       used 33028K, capacity 35011K, committed 35120K, reserved 1079296K
  class space    used 4265K, capacity 4602K, committed 4656K, reserved 1048576K
Event: 1858.262 GC heap after
Heap after GC invocations=9 (full 2):
 PSYoungGen      total 81408K, used 2685K [0x00000000d5f00000, 0x00000000dd300000, 0x0000000100000000)
  eden space 70144K, 0% used [0x00000000d5f00000,0x00000000d5f00000,0x00000000da380000)
  from space 11264K, 23% used [0x00000000da380000,0x00000000da61f490,0x00000000dae80000)
  to   space 11776K, 0% used [0x00000000dc780000,0x00000000dc780000,0x00000000dd300000)
 ParOldGen       total 63488K, used 11533K [0x0000000081c00000, 0x0000000085a00000, 0x00000000d5f00000)
  object space 63488K, 18% used [0x0000000081c00000,0x0000000082743590,0x0000000085a00000)
 Metaspace       used 33028K, capacity 35011K, committed 35120K, reserved 1079296K
  class space    used 4265K, capacity 4602K, committed 4656K, reserved 1048576K
}

Deoptimization events (10 events):
Event: 5.340 Thread 0x000000001df45800 Uncommon trap: reason=bimorphic action=maybe_recompile pc=0x000000000326ba04 method=java.util.AbstractCollection.containsAll(Ljava/util/Collection;)Z @ 25
Event: 6.346 Thread 0x000000001df45800 Uncommon trap: reason=bimorphic action=maybe_recompile pc=0x000000000326ba04 method=java.util.AbstractCollection.containsAll(Ljava/util/Collection;)Z @ 25
Event: 6.346 Thread 0x000000001df45800 Uncommon trap: reason=bimorphic action=maybe_recompile pc=0x000000000326ba04 method=java.util.AbstractCollection.containsAll(Ljava/util/Collection;)Z @ 25
Event: 25.452 Thread 0x000000001df45800 Uncommon trap: reason=unstable_if action=reinterpret pc=0x00000000032a1454 method=java.util.AbstractCollection.containsAll(Ljava/util/Collection;)Z @ 28
Event: 26.135 Thread 0x000000001de5c800 Uncommon trap: reason=unstable_if action=reinterpret pc=0x0000000002c47f48 method=java.net.URI.match(CJJ)Z @ 19
Event: 26.145 Thread 0x000000001de5c800 Uncommon trap: reason=unstable_if action=reinterpret pc=0x0000000002b51984 method=java.lang.AbstractStringBuilder.append(Ljava/lang/String;)Ljava/lang/AbstractStringBuilder; @ 1
Event: 26.255 Thread 0x00000000028d5800 Uncommon trap: reason=unstable_if action=reinterpret pc=0x0000000003189ff8 method=java.lang.ref.Reference.tryHandlePending(Z)Z @ 20
Event: 26.256 Thread 0x0000000017400000 Uncommon trap: reason=unstable_if action=reinterpret pc=0x00000000031ea9b4 method=java.util.HashMap$HashIterator.<init>(Ljava/util/HashMap;)V @ 45
Event: 26.341 Thread 0x000000001de61000 Uncommon trap: reason=unstable_if action=reinterpret pc=0x0000000002ff124c method=org.springframework.beans.factory.support.AbstractBeanFactory.isFactoryBean(Ljava/lang/String;Lorg/springframework/beans/factory/support/RootBeanDefinition;)Z @ 38
Event: 26.341 Thread 0x000000001de61000 Uncommon trap: reason=unstable_if action=reinterpret pc=0x00000000032c024c method=org.springframework.beans.factory.support.AbstractBeanFactory.isTypeMatch(Ljava/lang/String;Lorg/springframework/core/ResolvableType;Z)Z @ 466

Classes redefined (0 events):
No events

Internal exceptions (10 events):
Event: 3.815 Thread 0x0000000019708000 Exception <a 'java/lang/ClassNotFoundException': org/springframework/beans/factory/AwareCustomizer> (0x00000000d8ef1958) thrown at [C:\ade\jenkins\workspace\8-2-build-windows-amd64-cygwin\jdk8u241\331\hotspot\src\share\vm\classfile\systemDictionary.cpp, l
Event: 3.815 Thread 0x0000000019708000 Implicit null exception at 0x000000000308b44c to 0x000000000308b51d
Event: 4.126 Thread 0x0000000019708000 Exception <a 'java/lang/IncompatibleClassChangeError': Found class java.lang.Object, but interface was expected> (0x00000000d6abe0b8) thrown at [C:\ade\jenkins\workspace\8-2-build-windows-amd64-cygwin\jdk8u241\331\hotspot\src\share\vm\interpreter\linkReso
Event: 14.586 Thread 0x000000001a8df800 Exception <a 'java/lang/NoSuchMethodError': java.lang.Object.lambda$thenComparing$36697e65$1(Ljava/util/Comparator;Ljava/lang/Object;Ljava/lang/Object;)I> (0x00000000d7af4940) thrown at [C:\ade\jenkins\workspace\8-2-build-windows-amd64-cygwin\jdk8u241\331
Event: 26.145 Thread 0x000000001de5c800 Implicit null exception at 0x0000000002b515d4 to 0x0000000002b5196d
Event: 26.166 Thread 0x000000001a77d000 Exception <a 'java/lang/InterruptedException': sleep interrupted> (0x00000000d7f6c258) thrown at [C:\ade\jenkins\workspace\8-2-build-windows-amd64-cygwin\jdk8u241\331\hotspot\src\share\vm\prims\jvm.cpp, line 3336]
Event: 26.289 Thread 0x000000001de61000 Exception <a 'java/io/FileNotFoundException'> (0x00000000d617bb48) thrown at [C:\ade\jenkins\workspace\8-2-build-windows-amd64-cygwin\jdk8u241\331\hotspot\src\share\vm\prims\jni.cpp, line 710]
Event: 26.331 Thread 0x000000001de61000 Exception <a 'java/lang/NoClassDefFoundError': org/springframework/jdbc/CannotGetJdbcConnectionException> (0x00000000d6389f30) thrown at [C:\ade\jenkins\workspace\8-2-build-windows-amd64-cygwin\jdk8u241\331\hotspot\src\share\vm\classfile\systemDictionary.
Event: 26.818 Thread 0x000000001de61000 Exception <a 'java/io/FileNotFoundException'> (0x00000000d7c4be18) thrown at [C:\ade\jenkins\workspace\8-2-build-windows-amd64-cygwin\jdk8u241\331\hotspot\src\share\vm\prims\jni.cpp, line 710]
Event: 26.837 Thread 0x000000001de61000 Exception <a 'java/io/FileNotFoundException'> (0x00000000d7cc70e8) thrown at [C:\ade\jenkins\workspace\8-2-build-windows-amd64-cygwin\jdk8u241\331\hotspot\src\share\vm\prims\jni.cpp, line 710]

Events (10 events):
Event: 1858.271 Executing VM operation: RevokeBias
Event: 1858.271 Executing VM operation: RevokeBias done
Event: 1858.271 Executing VM operation: RevokeBias
Event: 1858.271 Executing VM operation: RevokeBias done
Event: 1858.271 Executing VM operation: RevokeBias
Event: 1858.272 Executing VM operation: RevokeBias done
Event: 1858.272 Executing VM operation: RevokeBias
Event: 1858.272 Executing VM operation: RevokeBias done
Event: 2385.938 Thread 0x000000001742b800 flushing nmethod 0x0000000002ff0910
Event: 2387.208 Thread 0x0000000017431000 flushing nmethod 0x00000000032bc290


Dynamic libraries:
0x00007ff67b880000 - 0x00007ff67b8b7000 	C:\Program Files\Java\jdk1.8.0_241\bin\javaw.exe
0x00007ffe54ce0000 - 0x00007ffe54ed0000 	C:\Windows\SYSTEM32\ntdll.dll
0x00007ffe53d60000 - 0x00007ffe53e12000 	C:\Windows\System32\KERNEL32.DLL
0x00007ffe51d70000 - 0x00007ffe52013000 	C:\Windows\System32\KERNELBASE.dll
0x00007ffe53cb0000 - 0x00007ffe53d53000 	C:\Windows\System32\ADVAPI32.dll
0x00007ffe54510000 - 0x00007ffe545ae000 	C:\Windows\System32\msvcrt.dll
0x00007ffe54430000 - 0x00007ffe544c7000 	C:\Windows\System32\sechost.dll
0x00007ffe52d90000 - 0x00007ffe52eb0000 	C:\Windows\System32\RPCRT4.dll
0x00007ffe52eb0000 - 0x00007ffe53044000 	C:\Windows\System32\USER32.dll
0x00007ffe520d0000 - 0x00007ffe520f1000 	C:\Windows\System32\win32u.dll
0x00007ffe54c60000 - 0x00007ffe54c86000 	C:\Windows\System32\GDI32.dll
0x00007ffe52900000 - 0x00007ffe52a94000 	C:\Windows\System32\gdi32full.dll
0x00007ffe52b20000 - 0x00007ffe52bbe000 	C:\Windows\System32\msvcp_win.dll
0x00007ffe51c70000 - 0x00007ffe51d6a000 	C:\Windows\System32\ucrtbase.dll
0x00007ffe3cc80000 - 0x00007ffe3cf05000 	C:\Windows\WinSxS\amd64_microsoft.windows.common-controls_6595b64144ccf1df_6.0.18362.592_none_e6c0b1911312be02\COMCTL32.dll
0x00007ffe53970000 - 0x00007ffe53ca6000 	C:\Windows\System32\combase.dll
0x00007ffe52aa0000 - 0x00007ffe52b20000 	C:\Windows\System32\bcryptPrimitives.dll
0x00007ffe544d0000 - 0x00007ffe544fe000 	C:\Windows\System32\IMM32.DLL
0x0000000070bd0000 - 0x0000000070ca2000 	C:\Program Files\Java\jdk1.8.0_241\jre\bin\msvcr100.dll
0x0000000070d90000 - 0x000000007163c000 	C:\Program Files\Java\jdk1.8.0_241\jre\bin\server\jvm.dll
0x00007ffe54500000 - 0x00007ffe54508000 	C:\Windows\System32\PSAPI.DLL
0x00007ffe4e420000 - 0x00007ffe4e429000 	C:\Windows\SYSTEM32\WSOCK32.dll
0x00007ffe4f6f0000 - 0x00007ffe4f714000 	C:\Windows\SYSTEM32\WINMM.dll
0x00007ffe54b70000 - 0x00007ffe54bdf000 	C:\Windows\System32\WS2_32.dll
0x00007ffe469c0000 - 0x00007ffe469ca000 	C:\Windows\SYSTEM32\VERSION.dll
0x00007ffe4f6c0000 - 0x00007ffe4f6ed000 	C:\Windows\SYSTEM32\WINMMBASE.dll
0x00007ffe52130000 - 0x00007ffe5217a000 	C:\Windows\System32\cfgmgr32.dll
0x00007ffe4e3e0000 - 0x00007ffe4e3ef000 	C:\Program Files\Java\jdk1.8.0_241\jre\bin\verify.dll
0x00007ffe2a500000 - 0x00007ffe2a529000 	C:\Program Files\Java\jdk1.8.0_241\jre\bin\java.dll
0x00007ffe49940000 - 0x00007ffe49956000 	C:\Program Files\Java\jdk1.8.0_241\jre\bin\zip.dll
0x00007ffe53280000 - 0x00007ffe53965000 	C:\Windows\System32\SHELL32.dll
0x00007ffe542b0000 - 0x00007ffe54359000 	C:\Windows\System32\shcore.dll
0x00007ffe52180000 - 0x00007ffe528ff000 	C:\Windows\System32\windows.storage.dll
0x00007ffe51bc0000 - 0x00007ffe51bdf000 	C:\Windows\System32\profapi.dll
0x00007ffe51be0000 - 0x00007ffe51c2a000 	C:\Windows\System32\powrprof.dll
0x00007ffe51bb0000 - 0x00007ffe51bc0000 	C:\Windows\System32\UMPDC.dll
0x00007ffe54890000 - 0x00007ffe548e2000 	C:\Windows\System32\shlwapi.dll
0x00007ffe51c50000 - 0x00007ffe51c61000 	C:\Windows\System32\kernel.appcore.dll
0x00007ffe52bc0000 - 0x00007ffe52bd7000 	C:\Windows\System32\cryptsp.dll
0x00007ffe4e400000 - 0x00007ffe4e40d000 	C:\Program Files\Java\jdk1.8.0_241\jre\bin\management.dll
0x00007ffe4e3c0000 - 0x00007ffe4e3da000 	C:\Program Files\Java\jdk1.8.0_241\jre\bin\net.dll
0x00007ffe51420000 - 0x00007ffe51487000 	C:\Windows\system32\mswsock.dll
0x00007ffe49510000 - 0x00007ffe49526000 	C:\Windows\system32\napinsp.dll
0x00007ffe494c0000 - 0x00007ffe494da000 	C:\Windows\system32\pnrpnsp.dll
0x00007ffe51170000 - 0x00007ffe5123a000 	C:\Windows\SYSTEM32\DNSAPI.dll
0x00007ffe548f0000 - 0x00007ffe548f8000 	C:\Windows\System32\NSI.dll
0x00007ffe51130000 - 0x00007ffe5116a000 	C:\Windows\SYSTEM32\IPHLPAPI.DLL
0x00007ffe4c340000 - 0x00007ffe4c34e000 	C:\Windows\System32\winrnr.dll
0x00007ffe4e300000 - 0x00007ffe4e31c000 	C:\Windows\system32\NLAapi.dll
0x00007ffe3ad50000 - 0x00007ffe3ad65000 	C:\Windows\system32\wshbth.dll
0x00007ffe481e0000 - 0x00007ffe481ea000 	C:\Windows\System32\rasadhlp.dll
0x00007ffe48ef0000 - 0x00007ffe48f67000 	C:\Windows\System32\fwpuclnt.dll
0x00007ffe52100000 - 0x00007ffe52126000 	C:\Windows\System32\bcrypt.dll
0x00007ffe4e3a0000 - 0x00007ffe4e3b2000 	C:\Program Files\Java\jdk1.8.0_241\jre\bin\nio.dll
0x00007ffe50f90000 - 0x00007ffe50fc3000 	C:\Windows\system32\rsaenh.dll
0x00007ffe51ad0000 - 0x00007ffe51af5000 	C:\Windows\SYSTEM32\USERENV.dll
0x00007ffe515f0000 - 0x00007ffe515fc000 	C:\Windows\SYSTEM32\CRYPTBASE.dll
0x00007ffe49000000 - 0x00007ffe49016000 	C:\Windows\SYSTEM32\dhcpcsvc6.DLL
0x00007ffe49400000 - 0x00007ffe4941c000 	C:\Windows\SYSTEM32\dhcpcsvc.DLL

VM Arguments:
jvm_args: -Dfile.encoding=UTF-8 
java_command: com.cts.training.bootdemo.BootdemoApplication
java_class_path (initial): E:\SpringBoot\bootdemo\target\classes;C:\Users\dell\.m2\repository\org\springframework\boot\spring-boot-devtools\2.2.4.RELEASE\spring-boot-devtools-2.2.4.RELEASE.jar;C:\Users\dell\.m2\repository\org\springframework\boot\spring-boot\2.2.4.RELEASE\spring-boot-2.2.4.RELEASE.jar;C:\Users\dell\.m2\repository\org\springframework\spring-context\5.2.3.RELEASE\spring-context-5.2.3.RELEASE.jar;C:\Users\dell\.m2\repository\org\springframework\boot\spring-boot-autoconfigure\2.2.4.RELEASE\spring-boot-autoconfigure-2.2.4.RELEASE.jar;C:\Users\dell\.m2\repository\org\springframework\boot\spring-boot-starter-web\2.2.4.RELEASE\spring-boot-starter-web-2.2.4.RELEASE.jar;C:\Users\dell\.m2\repository\org\springframework\boot\spring-boot-starter\2.2.4.RELEASE\spring-boot-starter-2.2.4.RELEASE.jar;C:\Users\dell\.m2\repository\org\springframework\boot\spring-boot-starter-logging\2.2.4.RELEASE\spring-boot-starter-logging-2.2.4.RELEASE.jar;C:\Users\dell\.m2\repository\ch\qos\logback\logback-classic\1.2.3\logback-classic-1.2.3.jar;C:\Users\dell\.m2\repository\ch\qos\logback\logback-core\1.2.3\logback-core-1.2.3.jar;C:\Users\dell\.m2\repository\org\apache\logging\log4j\log4j-to-slf4j\2.12.1\log4j-to-slf4j-2.12.1.jar;C:\Users\dell\.m2\repository\org\apache\logging\log4j\log4j-api\2.12.1\log4j-api-2.12.1.jar;C:\Users\dell\.m2\repository\org\slf4j\jul-to-slf4j\1.7.30\jul-to-slf4j-1.7.30.jar;C:\Users\dell\.m2\repository\jakarta\annotation\jakarta.annotation-api\1.3.5\jakarta.annotation-api-1.3.5.jar;C:\Users\dell\.m2\repository\org\yaml\snakeyaml\1.25\snakeyaml-1.25.jar;C:\Users\dell\.m2\repository\org\springframework\boot\spring-boot-starter-json\2.2.4.RELEASE\spring-boot-starter-json-2.2.4.RELEASE.jar;C:\Users\dell\.m2\repository\com\fasterxml\jackson\core\jackson-databind\2.10.2\jackson-databind-2.10.2.jar;C:\Users\dell\.m2\repository\com\fasterxml\jackson\core\jackson-annotations\2.10.2\jackson-annotations-2.10.2.jar;C:\Users\dell\.m2\repository\com\fasterxml\jackso
Launcher Type: SUN_STANDARD

Environment Variables:
PATH=C:/Program Files/Java/jdk1.8.0_241/bin/../jre/bin/server;C:/Program Files/Java/jdk1.8.0_241/bin/../jre/bin;C:/Program Files/Java/jdk1.8.0_241/bin/../jre/lib/amd64;C:\Windows\system32;C:\Windows;C:\Windows\System32\Wbem;C:\Windows\System32\WindowsPowerShell\v1.0\;C:\Windows\System32\OpenSSH\;C:\Program Files\nodejs\;C:\Program Files\Java\jdk1.8.0_241\bin;.;C:\Users\dell\AppData\Roaming\npm;C:\Users\dell\AppData\Local\Programs\Microsoft VS Code\bin;E:\Java Software\Eclipse\eclipse-jee-2019-12-R-win32-x86_64\eclipse;
USERNAME=dell
OS=Windows_NT
PROCESSOR_IDENTIFIER=Intel64 Family 6 Model 42 Stepping 7, GenuineIntel



---------------  S Y S T E M  ---------------

OS: Windows 10.0 , 64 bit Build 18362 (10.0.18362.329)

CPU:total 4 (initial active 4) (2 cores per cpu, 2 threads per core) family 6 model 42 stepping 7, cmov, cx8, fxsr, mmx, sse, sse2, sse3, ssse3, sse4.1, sse4.2, popcnt, avx, aes, clmul, ht, tsc, tscinvbit

Memory: 4k page, physical 8266800k(1768352k free), swap 28141484k(0k free)

vm_info: Java HotSpot(TM) 64-Bit Server VM (25.241-b07) for windows-amd64 JRE (1.8.0_241-b07), built on Dec 11 2019 10:21:40 by "rejava" with MS VC++ 10.0 (VS2010)

time: Mon Feb 17 13:47:05 2020
timezone: India Standard Time
elapsed time: 2710 seconds (0d 0h 45m 10s)

